nohup: ignoring input
Unhandled error while processing {
  update_id: 568166831,
  callback_query: {
    id: "8490716392105424118",
    from: {
      id: 6271866258,
      is_bot: false,
      first_name: "Mohmmaed K.",
      last_name: "AL-Sudani",
      username: "l_4jx",
      language_code: "en",
    },
    message: {
      message_id: 674,
      from: [Object ...],
      chat: [Object ...],
      date: 1768529158,
      edit_date: 1768529159,
      text: "👥 User Management",
      entities: [
        [Object ...]
      ],
      reply_markup: [Object ...],
    },
    chat_instance: "-4632334479062602794",
    data: "list_users",
  },
}
116 | 
117 | Example:
118 |   await prisma.$executeRawUnsafe(\`ALTER USER prisma WITH PASSWORD '\${password}'\`)
119 | 
120 | More Information: https://pris.ly/d/execute-raw
121 | `)}var So=({clientMethod:e,activeProvider:r})=>t=>{let n="",i;if(Vn(t))n=t.sql,i={values:Wr(t.values),__prismaRawParameters__:!0};else if(Array.isArray(t)){let[o,...s]=t;n=o,i={values:Wr(s||[]),__prismaRawParameters__:!0}}else switch(r){case"sqlite":case"mysql":{n=t.sql,i={values:Wr(t.values),__prismaRawParameters__:!0};break}case"cockroachdb":case"postgresql":case"postgres":{n=t.text,i={values:Wr(t.values),__prismaRawParameters__:!0};break}case"sqlserver":{n=Vl(t),i={values:Wr(t.values),__prismaRawParameters__:!0};break}default:throw new Error(`The ${r} provider does not support ${e}`)}return i?.values?Ql(`prisma.${e}(${n}, ${i.values})`):Ql(`prisma.${e}(${n})`),{query:n,parameters:i}},Wl={requestArgsToMiddlewareArgs(e){return[e.strings,...e.values]},middlewareArgsToRequestArgs(e){let[r,...t]=e;return new ie(r,t)}},Jl={requestArgsToMiddlewareArgs(e){return[e]},middlewareArgsToRequestArgs(e){return e[0]}};function Ro(e){return function(t,n){let i,o=(s=e)=>{try{return s===void 0||s?.kind==="itx"?i??=Kl(t(s)):K

PrismaClientKnownRequestError: 
Invalid `prisma.user.findMany()` invocation in
/home/abalahb/Desktop/bitcoinFlash/src/bot/index.ts:154:37

  151 })
  152 
  153 bot.action('list_users', async (ctx) => {
→ 154     const users = await prisma.user.findMany(
The table `main.User` does not exist in the current database.
       meta: {
  modelName: "User",
  table: "main.User",
},
 clientVersion: "6.19.1",
       code: "P2021"

      at handleRequestError (/home/abalahb/Desktop/bitcoinFlash/node_modules/@prisma/client/runtime/library.js:121:7272)
      at handleAndLogRequestError (/home/abalahb/Desktop/bitcoinFlash/node_modules/@prisma/client/runtime/library.js:1:3472)
      at request (/home/abalahb/Desktop/bitcoinFlash/node_modules/@prisma/client/runtime/library.js:1:3472)
      at processTicksAndRejections (unknown:7:39)

